<?xml version="1.0" encoding="UTF-8"?>
<!-- Generated by org.testng.reporters.JUnitXMLReporter -->
<testsuite ignored="0" hostname="DK-C-BLR-AUGA" failures="0" tests="4" name="Test" time="145.293" errors="0" timestamp="2022-09-14T20:25:44 CEST">
  <testcase classname="MobileTestFramework.MobileTestFramework.TestValidateHomeScreen" name="homeScreenValidation" time="34.137"/>
  <testcase classname="MobileTestFramework.MobileTestFramework.TestAddPlant" name="testAddPlant" time="34.503"/>
  <testcase classname="MobileTestFramework.MobileTestFramework.TestValidateAddedPlant" name="testValidateAddedPlant" time="28.717"/>
  <testcase classname="MobileTestFramework.MobileTestFramework.TestAddPlantButtonDisabled" name="testAddButtonDisabled" time="35.503"/>
</testsuite> <!-- Test -->
